Copyright 1986-2018 Xilinx, Inc. All Rights Reserved.
---------------------------------------------------------------------------------------------------------------------
| Tool Version : Vivado v.2018.3 (lin64) Build 2405991 Thu Dec  6 23:36:41 MST 2018
| Date         : Mon Dec  7 20:03:48 2020
| Host         : kyz-virtual-machine running 64-bit Ubuntu 18.04.5 LTS
| Command      : report_drc -file system_top_drc_opted.rpt -pb system_top_drc_opted.pb -rpx system_top_drc_opted.rpx
| Design       : system_top
| Device       : xc7z010clg400-1
| Speed File   : -1
| Design State : Synthesized
---------------------------------------------------------------------------------------------------------------------

Report DRC

Table of Contents
-----------------
1. REPORT SUMMARY
2. REPORT DETAILS

1. REPORT SUMMARY
-----------------
            Netlist: netlist
          Floorplan: checkpoint_system_top
      Design limits: <entire design considered>
           Ruledeck: default
             Max violations: <unlimited>
             Violations found: 27
+-----------+------------------+-------------------------------------------------------------------+------------+
| Rule      | Severity         | Description                                                       | Violations |
+-----------+------------------+-------------------------------------------------------------------+------------+
| NSTD-1    | Critical Warning | Unspecified I/O Standard                                          | 1          |
| UCIO-1    | Critical Warning | Unconstrained Logical Port                                        | 1          |
| IOCNT-1   | Warning          | Number of IOs                                                     | 1          |
| REQP-1839 | Warning          | RAMB36 async control check                                        | 2          |
| AVAL-4    | Advisory         | enum_USE_DPORT_FALSE_enum_DREG_ADREG_0_connects_CED_CEAD_RSTD_GND | 12         |
| REQP-28   | Advisory         | enum_USE_MULT_NONE_connects_CEM_GND                               | 4          |
| REQP-30   | Advisory         | enum_MREG_0_connects_CEM_GND                                      | 4          |
| REQP-32   | Advisory         | with_OPMODE_USE_MULT_NONE                                         | 2          |
+-----------+------------------+-------------------------------------------------------------------+------------+

2. REPORT DETAILS
-----------------
NSTD-1#1 Critical Warning
Unspecified I/O Standard  
86 out of 137 logical ports use I/O standard (IOSTANDARD) value 'DEFAULT', instead of a user assigned specific value. This may cause I/O contention or incompatibility with the board power or connectivity affecting performance, signal integrity or in extreme cases cause damage to the device or the components to which it is connected. To correct this violation, specify all I/O standards. This design will fail to generate a bitstream unless all logical ports have a user specified I/O standard value defined. To allow bitstream creation with unspecified I/O standard values (not recommended), use this command: set_property SEVERITY {Warning} [get_drc_checks NSTD-1].  NOTE: When using the Vivado Runs infrastructure (e.g. launch_runs Tcl command), add this command to a .tcl file and add that file as a pre-hook for write_bitstream step for the implementation run. Problem ports: fixed_io_mio[31:0], fixed_io_ddr_vrn, fixed_io_ddr_vrp, fixed_io_ps_clk, fixed_io_ps_porb, fixed_io_ps_srstb, ddr_dqs_p[1:0], ddr_dqs_n[1:0], ddr_dq[15:0], ddr_dm[1:0], ddr_addr[14:0], ddr_ba[2:0], ddr_cas_n, ddr_ck_n, ddr_ck_p (the first 15 of 21 listed).
Related violations: <none>

UCIO-1#1 Critical Warning
Unconstrained Logical Port  
86 out of 137 logical ports have no user assigned specific location constraint (LOC). This may cause I/O contention or incompatibility with the board power or connectivity affecting performance, signal integrity or in extreme cases cause damage to the device or the components to which it is connected. To correct this violation, specify all pin locations. This design will fail to generate a bitstream unless all logical ports have a user specified site LOC constraint defined.  To allow bitstream creation with unspecified pin locations (not recommended), use this command: set_property SEVERITY {Warning} [get_drc_checks UCIO-1].  NOTE: When using the Vivado Runs infrastructure (e.g. launch_runs Tcl command), add this command to a .tcl file and add that file as a pre-hook for write_bitstream step for the implementation run.  Problem ports: fixed_io_mio[31:0], fixed_io_ddr_vrn, fixed_io_ddr_vrp, fixed_io_ps_clk, fixed_io_ps_porb, fixed_io_ps_srstb, ddr_dqs_p[1:0], ddr_dqs_n[1:0], ddr_dq[15:0], ddr_dm[1:0], ddr_addr[14:0], ddr_ba[2:0], ddr_cas_n, ddr_ck_n, ddr_ck_p (the first 15 of 21 listed).
Related violations: <none>

IOCNT-1#1 Warning
Number of IOs  
The design contains 86 unplaced I/O ports while the target device, xc7z010clg400-1, has 48 remaining available user I/O pins. This DRC assumes that all ports which do not drive MGT pins should be placed on user I/O pins. To correct this issue:
1. Ensure you are targeting the correct device and package. Select a larger device or different package if necessary.
2. Check the top-level ports of the design to ensure the correct number of ports are specified.
3. Consider design changes to reduce the number of user I/O pins needed.

Related violations: <none>

REQP-1839#1 Warning
RAMB36 async control check  
The RAMB36E1 i_system_wrapper/system_i/axi_ad9361_dac_dma/inst/i_transfer/i_request_arb/i_store_and_forward/i_mem/m_ram_reg_bram_0 has an input control pin i_system_wrapper/system_i/axi_ad9361_dac_dma/inst/i_transfer/i_request_arb/i_store_and_forward/i_mem/m_ram_reg_bram_0/ENARDEN (net: i_system_wrapper/system_i/axi_ad9361_dac_dma/inst/i_transfer/i_request_arb/i_store_and_forward/i_mem/E[0]) which is driven by a register (i_system_wrapper/system_i/axi_ad9361/inst/i_tx/i_up_dac_common/up_dac_gpio_out_int_reg[0]) that has an active asychronous set or reset. This may cause corruption of the memory contents and/or read values when the set/reset is asserted and is not analyzed by the default static timing analysis. It is suggested to eliminate the use of a set/reset to registers driving this RAMB pin or else use a synchronous reset in which the assertion of the reset is timed by default.
Related violations: <none>

REQP-1839#2 Warning
RAMB36 async control check  
The RAMB36E1 i_system_wrapper/system_i/axi_ad9361_dac_dma/inst/i_transfer/i_request_arb/i_store_and_forward/i_mem/m_ram_reg_bram_0 has an input control pin i_system_wrapper/system_i/axi_ad9361_dac_dma/inst/i_transfer/i_request_arb/i_store_and_forward/i_mem/m_ram_reg_bram_0/RSTREGARSTREG (net: i_system_wrapper/system_i/axi_ad9361_dac_dma/inst/i_transfer/i_request_arb/i_store_and_forward/i_mem/m_ram_reg_bram_0_i_2_n_0) which is driven by a register (i_system_wrapper/system_i/axi_ad9361/inst/i_tx/i_up_dac_common/up_dac_gpio_out_int_reg[0]) that has an active asychronous set or reset. This may cause corruption of the memory contents and/or read values when the set/reset is asserted and is not analyzed by the default static timing analysis. It is suggested to eliminate the use of a set/reset to registers driving this RAMB pin or else use a synchronous reset in which the assertion of the reset is timed by default.
Related violations: <none>

AVAL-4#1 Advisory
enum_USE_DPORT_FALSE_enum_DREG_ADREG_0_connects_CED_CEAD_RSTD_GND  
i_system_wrapper/system_i/axi_ad9361/inst/i_rx/i_rx_channel_0/i_ad_iqcor/i_mul_i/i_mult_macro/MULT_MACRO.dsp_v5_1.DSP48_V5_1: DSP48E1 is not using the D port (USE_DPORT = FALSE). For improved power characteristics, set DREG and ADREG to '1', tie CED, CEAD, and RSTD to logic '0'.
Related violations: <none>

AVAL-4#2 Advisory
enum_USE_DPORT_FALSE_enum_DREG_ADREG_0_connects_CED_CEAD_RSTD_GND  
i_system_wrapper/system_i/axi_ad9361/inst/i_rx/i_rx_channel_0/i_ad_iqcor/i_mul_q/i_mult_macro/MULT_MACRO.dsp_v5_1.DSP48_V5_1: DSP48E1 is not using the D port (USE_DPORT = FALSE). For improved power characteristics, set DREG and ADREG to '1', tie CED, CEAD, and RSTD to logic '0'.
Related violations: <none>

AVAL-4#3 Advisory
enum_USE_DPORT_FALSE_enum_DREG_ADREG_0_connects_CED_CEAD_RSTD_GND  
i_system_wrapper/system_i/axi_ad9361/inst/i_rx/i_rx_channel_1/i_ad_iqcor/i_mul_i/i_mult_macro/MULT_MACRO.dsp_v5_1.DSP48_V5_1: DSP48E1 is not using the D port (USE_DPORT = FALSE). For improved power characteristics, set DREG and ADREG to '1', tie CED, CEAD, and RSTD to logic '0'.
Related violations: <none>

AVAL-4#4 Advisory
enum_USE_DPORT_FALSE_enum_DREG_ADREG_0_connects_CED_CEAD_RSTD_GND  
i_system_wrapper/system_i/axi_ad9361/inst/i_rx/i_rx_channel_1/i_ad_iqcor/i_mul_q/i_mult_macro/MULT_MACRO.dsp_v5_1.DSP48_V5_1: DSP48E1 is not using the D port (USE_DPORT = FALSE). For improved power characteristics, set DREG and ADREG to '1', tie CED, CEAD, and RSTD to logic '0'.
Related violations: <none>

AVAL-4#5 Advisory
enum_USE_DPORT_FALSE_enum_DREG_ADREG_0_connects_CED_CEAD_RSTD_GND  
i_system_wrapper/system_i/axi_ad9361/inst/i_tx/i_tx_channel_0/i_ad_iqcor/i_mul_i/i_mult_macro/MULT_MACRO.dsp_v5_1.DSP48_V5_1: DSP48E1 is not using the D port (USE_DPORT = FALSE). For improved power characteristics, set DREG and ADREG to '1', tie CED, CEAD, and RSTD to logic '0'.
Related violations: <none>

AVAL-4#6 Advisory
enum_USE_DPORT_FALSE_enum_DREG_ADREG_0_connects_CED_CEAD_RSTD_GND  
i_system_wrapper/system_i/axi_ad9361/inst/i_tx/i_tx_channel_0/i_ad_iqcor/i_mul_q/i_mult_macro/MULT_MACRO.dsp_v5_1.DSP48_V5_1: DSP48E1 is not using the D port (USE_DPORT = FALSE). For improved power characteristics, set DREG and ADREG to '1', tie CED, CEAD, and RSTD to logic '0'.
Related violations: <none>

AVAL-4#7 Advisory
enum_USE_DPORT_FALSE_enum_DREG_ADREG_0_connects_CED_CEAD_RSTD_GND  
i_system_wrapper/system_i/axi_ad9361/inst/i_tx/i_tx_channel_0/i_dds/dds_phase[1].i_dds_2/i_dds_1_0/i_dds_scale/i_mult_macro/MULT_MACRO.dsp_v5_1.DSP48_V5_1: DSP48E1 is not using the D port (USE_DPORT = FALSE). For improved power characteristics, set DREG and ADREG to '1', tie CED, CEAD, and RSTD to logic '0'.
Related violations: <none>

AVAL-4#8 Advisory
enum_USE_DPORT_FALSE_enum_DREG_ADREG_0_connects_CED_CEAD_RSTD_GND  
i_system_wrapper/system_i/axi_ad9361/inst/i_tx/i_tx_channel_0/i_dds/dds_phase[1].i_dds_2/i_dds_1_1/i_dds_scale/i_mult_macro/MULT_MACRO.dsp_v5_1.DSP48_V5_1: DSP48E1 is not using the D port (USE_DPORT = FALSE). For improved power characteristics, set DREG and ADREG to '1', tie CED, CEAD, and RSTD to logic '0'.
Related violations: <none>

AVAL-4#9 Advisory
enum_USE_DPORT_FALSE_enum_DREG_ADREG_0_connects_CED_CEAD_RSTD_GND  
i_system_wrapper/system_i/axi_ad9361/inst/i_tx/i_tx_channel_1/i_ad_iqcor/i_mul_i/i_mult_macro/MULT_MACRO.dsp_v5_1.DSP48_V5_1: DSP48E1 is not using the D port (USE_DPORT = FALSE). For improved power characteristics, set DREG and ADREG to '1', tie CED, CEAD, and RSTD to logic '0'.
Related violations: <none>

AVAL-4#10 Advisory
enum_USE_DPORT_FALSE_enum_DREG_ADREG_0_connects_CED_CEAD_RSTD_GND  
i_system_wrapper/system_i/axi_ad9361/inst/i_tx/i_tx_channel_1/i_ad_iqcor/i_mul_q/i_mult_macro/MULT_MACRO.dsp_v5_1.DSP48_V5_1: DSP48E1 is not using the D port (USE_DPORT = FALSE). For improved power characteristics, set DREG and ADREG to '1', tie CED, CEAD, and RSTD to logic '0'.
Related violations: <none>

AVAL-4#11 Advisory
enum_USE_DPORT_FALSE_enum_DREG_ADREG_0_connects_CED_CEAD_RSTD_GND  
i_system_wrapper/system_i/axi_ad9361/inst/i_tx/i_tx_channel_1/i_dds/dds_phase[1].i_dds_2/i_dds_1_0/i_dds_scale/i_mult_macro/MULT_MACRO.dsp_v5_1.DSP48_V5_1: DSP48E1 is not using the D port (USE_DPORT = FALSE). For improved power characteristics, set DREG and ADREG to '1', tie CED, CEAD, and RSTD to logic '0'.
Related violations: <none>

AVAL-4#12 Advisory
enum_USE_DPORT_FALSE_enum_DREG_ADREG_0_connects_CED_CEAD_RSTD_GND  
i_system_wrapper/system_i/axi_ad9361/inst/i_tx/i_tx_channel_1/i_dds/dds_phase[1].i_dds_2/i_dds_1_1/i_dds_scale/i_mult_macro/MULT_MACRO.dsp_v5_1.DSP48_V5_1: DSP48E1 is not using the D port (USE_DPORT = FALSE). For improved power characteristics, set DREG and ADREG to '1', tie CED, CEAD, and RSTD to logic '0'.
Related violations: <none>

REQP-28#1 Advisory
enum_USE_MULT_NONE_connects_CEM_GND  
i_system_wrapper/system_i/fir_decimator/inst/decimator/U0/i_synth/g_polyphase_decimation.i_polyphase_decimation/g_parallel.g_paths[0].g_accum.i_accum/i_add_accum/g_dsp48.g_dsp48e1.i_dsp48e1: When the DSP48E1 USE_MULT attribute is set to NONE, the CEM input pin should be tied to GND to save power.
Related violations: <none>

REQP-28#2 Advisory
enum_USE_MULT_NONE_connects_CEM_GND  
i_system_wrapper/system_i/fir_decimator/inst/decimator/U0/i_synth/g_polyphase_decimation.i_polyphase_decimation/g_parallel.g_paths[1].g_accum.i_accum/i_add_accum/g_dsp48.g_dsp48e1.i_dsp48e1: When the DSP48E1 USE_MULT attribute is set to NONE, the CEM input pin should be tied to GND to save power.
Related violations: <none>

REQP-28#3 Advisory
enum_USE_MULT_NONE_connects_CEM_GND  
i_system_wrapper/system_i/fir_interpolator/inst/interpolator/U0/i_synth/g_polyphase_interpolation.i_polyphase_interpolation/g_parallel.g_paths[0].g_symmetric.g_accum.i_accum/i_add_accum/g_dsp48.g_dsp48e1.i_dsp48e1: When the DSP48E1 USE_MULT attribute is set to NONE, the CEM input pin should be tied to GND to save power.
Related violations: <none>

REQP-28#4 Advisory
enum_USE_MULT_NONE_connects_CEM_GND  
i_system_wrapper/system_i/fir_interpolator/inst/interpolator/U0/i_synth/g_polyphase_interpolation.i_polyphase_interpolation/g_parallel.g_paths[1].g_symmetric.g_accum.i_accum/i_add_accum/g_dsp48.g_dsp48e1.i_dsp48e1: When the DSP48E1 USE_MULT attribute is set to NONE, the CEM input pin should be tied to GND to save power.
Related violations: <none>

REQP-30#1 Advisory
enum_MREG_0_connects_CEM_GND  
i_system_wrapper/system_i/fir_decimator/inst/decimator/U0/i_synth/g_polyphase_decimation.i_polyphase_decimation/g_parallel.g_paths[0].g_accum.i_accum/i_add_accum/g_dsp48.g_dsp48e1.i_dsp48e1: When the DSP48E1 MREG attribute is set to 0, the CEM input pin should be tied to GND to save power.
Related violations: <none>

REQP-30#2 Advisory
enum_MREG_0_connects_CEM_GND  
i_system_wrapper/system_i/fir_decimator/inst/decimator/U0/i_synth/g_polyphase_decimation.i_polyphase_decimation/g_parallel.g_paths[1].g_accum.i_accum/i_add_accum/g_dsp48.g_dsp48e1.i_dsp48e1: When the DSP48E1 MREG attribute is set to 0, the CEM input pin should be tied to GND to save power.
Related violations: <none>

REQP-30#3 Advisory
enum_MREG_0_connects_CEM_GND  
i_system_wrapper/system_i/fir_interpolator/inst/interpolator/U0/i_synth/g_polyphase_interpolation.i_polyphase_interpolation/g_parallel.g_paths[0].g_symmetric.g_accum.i_accum/i_add_accum/g_dsp48.g_dsp48e1.i_dsp48e1: When the DSP48E1 MREG attribute is set to 0, the CEM input pin should be tied to GND to save power.
Related violations: <none>

REQP-30#4 Advisory
enum_MREG_0_connects_CEM_GND  
i_system_wrapper/system_i/fir_interpolator/inst/interpolator/U0/i_synth/g_polyphase_interpolation.i_polyphase_interpolation/g_parallel.g_paths[1].g_symmetric.g_accum.i_accum/i_add_accum/g_dsp48.g_dsp48e1.i_dsp48e1: When the DSP48E1 MREG attribute is set to 0, the CEM input pin should be tied to GND to save power.
Related violations: <none>

REQP-32#1 Advisory
with_OPMODE_USE_MULT_NONE  
i_system_wrapper/system_i/fir_decimator/inst/decimator/U0/i_synth/g_polyphase_decimation.i_polyphase_decimation/g_parallel.g_paths[0].g_rounder.i_rounder/i_rounder/g_dsp48.g_dsp48e1.i_dsp48e1: To save power with this DSP48E1 OPMODE input pin programming the USE_MULT attribute should be set to NONE.
Related violations: <none>

REQP-32#2 Advisory
with_OPMODE_USE_MULT_NONE  
i_system_wrapper/system_i/fir_decimator/inst/decimator/U0/i_synth/g_polyphase_decimation.i_polyphase_decimation/g_parallel.g_paths[1].g_rounder.i_rounder/i_rounder/g_dsp48.g_dsp48e1.i_dsp48e1: To save power with this DSP48E1 OPMODE input pin programming the USE_MULT attribute should be set to NONE.
Related violations: <none>


